2024-11-20 07:34:25,177 [INFO] Activator:176 - 


2024-11-20 07:34:25,181 [INFO] Activator:177 - !SESSION log4j initialized
2024-11-20 07:34:29,346 [INFO] LogOutputStream:77 - [STDOUT_REDIRECT] 
2024-11-20 07:34:30,439 [INFO] ApplicationProperties:184 - Using Application install path: /opt/st/stm32cubeide_1.16.1/plugins/com.st.stm32cube.common.mx_6.12.1.202409122256
2024-11-20 07:34:30,476 [INFO] DbMcusXml:78 - Set database path to: /opt/st/stm32cubeide_1.16.1/plugins/com.st.stm32cube.common.mx_6.12.1.202409122256//db//mcu/
2024-11-20 07:34:30,477 [INFO] ApiDb:274 - Set plugin database path to: /opt/st/stm32cubeide_1.16.1/plugins/com.st.stm32cube.common.mx_6.12.1.202409122256//db//plugins/boardmanager/
2024-11-20 07:34:30,477 [WARN] ApiDb:259 - Overriding images path with different value:  => /opt/st/stm32cubeide_1.16.1/plugins/com.st.stm32cube.common.mx_6.12.1.202409122256//db//plugins/mcufinder/images/
2024-11-20 07:34:30,501 [INFO] ApiDb:250 - Set database path to: /home/volkswagen2/.stmcufinder/plugins/mcufinder//mcu/
2024-11-20 07:34:30,503 [INFO] DbMcusAds:125 - Set database path to: /home/volkswagen2/.stmcufinder/plugins/mcufinder//mcu/
2024-11-20 07:34:30,506 [INFO] CrossReferenceDbSqlite:203 - Set database path to: /home/volkswagen2/.stmcufinder/plugins/mcufinder//mcu/cs/
2024-11-20 07:34:30,684 [INFO] RulesReader:64 - Compatibility file has been processed (297 Rules)
2024-11-20 07:34:30,748 [INFO] DbMcusXml:78 - Set database path to: /opt/st/stm32cubeide_1.16.1/plugins/com.st.stm32cube.common.mx_6.12.1.202409122256//db//mcu/
2024-11-20 07:34:30,748 [INFO] ApiDb:274 - Set plugin database path to: /opt/st/stm32cubeide_1.16.1/plugins/com.st.stm32cube.common.mx_6.12.1.202409122256//db//plugins/boardmanager/
2024-11-20 07:34:30,748 [INFO] ApiDb:261 - Set plugin images path to: /opt/st/stm32cubeide_1.16.1/plugins/com.st.stm32cube.common.mx_6.12.1.202409122256//db//plugins/mcufinder/images/
2024-11-20 07:34:30,749 [WARN] DbFile:41 - Overriding database path with different value: /home/volkswagen2/.stmcufinder/plugins/mcufinder/ => /home/volkswagen2/.stmcufinder/plugins/mcufinder
2024-11-20 07:34:30,749 [INFO] ApiDb:250 - Set database path to: /home/volkswagen2/.stmcufinder/plugins/mcufinder//mcu/
2024-11-20 07:34:30,749 [WARN] DbFile:41 - Overriding database path with different value: /home/volkswagen2/.stmcufinder/plugins/mcufinder/ => /home/volkswagen2/.stmcufinder/plugins/mcufinder
2024-11-20 07:34:30,749 [INFO] DbMcusAds:125 - Set database path to: /home/volkswagen2/.stmcufinder/plugins/mcufinder//mcu/
2024-11-20 07:34:30,749 [WARN] DbFile:41 - Overriding database path with different value: /home/volkswagen2/.stmcufinder/plugins/mcufinder/ => /home/volkswagen2/.stmcufinder/plugins/mcufinder
2024-11-20 07:34:30,749 [WARN] DbFile:41 - Overriding database path with different value: /home/volkswagen2/.stmcufinder/plugins/mcufinder/ => /home/volkswagen2/.stmcufinder/plugins/mcufinder
2024-11-20 07:34:30,749 [INFO] CrossReferenceDbSqlite:203 - Set database path to: /home/volkswagen2/.stmcufinder/plugins/mcufinder//mcu/cs/
2024-11-20 07:34:30,817 [INFO] MainPanel:268 - HeapMemory: 268435456
2024-11-20 07:34:30,927 [INFO] DbMcusXml:78 - Set database path to: /opt/st/stm32cubeide_1.16.1/plugins/com.st.stm32cube.common.mx_6.12.1.202409122256//db//mcu/
2024-11-20 07:34:30,927 [INFO] ApiDb:274 - Set plugin database path to: /opt/st/stm32cubeide_1.16.1/plugins/com.st.stm32cube.common.mx_6.12.1.202409122256//db//plugins/boardmanager/
2024-11-20 07:34:30,927 [INFO] ApiDb:261 - Set plugin images path to: /opt/st/stm32cubeide_1.16.1/plugins/com.st.stm32cube.common.mx_6.12.1.202409122256//db//plugins/mcufinder/images/
2024-11-20 07:34:30,928 [WARN] DbFile:41 - Overriding database path with different value: /home/volkswagen2/.stmcufinder/plugins/mcufinder/ => /home/volkswagen2/.stmcufinder/plugins/mcufinder
2024-11-20 07:34:30,928 [INFO] ApiDb:250 - Set database path to: /home/volkswagen2/.stmcufinder/plugins/mcufinder//mcu/
2024-11-20 07:34:30,928 [WARN] DbFile:41 - Overriding database path with different value: /home/volkswagen2/.stmcufinder/plugins/mcufinder/ => /home/volkswagen2/.stmcufinder/plugins/mcufinder
2024-11-20 07:34:30,928 [INFO] DbMcusAds:125 - Set database path to: /home/volkswagen2/.stmcufinder/plugins/mcufinder//mcu/
2024-11-20 07:34:30,928 [WARN] DbFile:41 - Overriding database path with different value: /home/volkswagen2/.stmcufinder/plugins/mcufinder/ => /home/volkswagen2/.stmcufinder/plugins/mcufinder
2024-11-20 07:34:30,928 [WARN] DbFile:41 - Overriding database path with different value: /home/volkswagen2/.stmcufinder/plugins/mcufinder/ => /home/volkswagen2/.stmcufinder/plugins/mcufinder
2024-11-20 07:34:30,928 [INFO] CrossReferenceDbSqlite:203 - Set database path to: /home/volkswagen2/.stmcufinder/plugins/mcufinder//mcu/cs/
2024-11-20 07:34:30,941 [INFO] ApplicationProperties:184 - Using Application install path: /opt/st/stm32cubeide_1.16.1/plugins/com.st.stm32cube.common.mx_6.12.1.202409122256
2024-11-20 07:34:30,943 [INFO] PluginManage:196 - Search for loadable plugins [exclusion list=, ]
2024-11-20 07:34:30,944 [INFO] PluginManage:310 - Check plugin analytics
2024-11-20 07:34:31,130 [INFO] AnalyticsPlugin:253 - Accepted Software Licenses: 
2024-11-20 07:34:31,131 [INFO] AnalyticsPlugin:255 - Accepted CMSIS Pack Licenses: STMicroelectronics.X-CUBE-EEPRMA1.5.1.0
2024-11-20 07:34:31,131 [INFO] AnalyticsPlugin:257 - Accepted Firmware Licenses: 
2024-11-20 07:34:31,134 [INFO] PluginManage:359 - Loaded plugin analytics (category:tool,tabindex:-1)
2024-11-20 07:34:31,135 [INFO] PluginManage:310 - Check plugin cadmodel
2024-11-20 07:34:31,139 [INFO] CADModel:105 - Init CAD model plugin
2024-11-20 07:34:31,140 [INFO] PluginManage:359 - Loaded plugin cadmodel (category:power,tabindex:5)
2024-11-20 07:34:31,140 [INFO] PluginManage:310 - Check plugin clock
2024-11-20 07:34:31,150 [INFO] PluginManage:359 - Loaded plugin clock (category:base,tabindex:2)
2024-11-20 07:34:31,150 [INFO] PluginManage:310 - Check plugin ddr
2024-11-20 07:34:31,153 [INFO] PluginManage:359 - Loaded plugin ddr (category:tool,tabindex:6)
2024-11-20 07:34:31,153 [INFO] PluginManage:310 - Check plugin filemanager
2024-11-20 07:34:31,338 [INFO] PluginManage:359 - Loaded plugin filemanager (category:base,tabindex:10)
2024-11-20 07:34:31,338 [INFO] PluginManage:310 - Check plugin ipmanager
2024-11-20 07:34:31,350 [INFO] PluginManage:359 - Loaded plugin ipmanager (category:base,tabindex:5)
2024-11-20 07:34:31,350 [INFO] PluginManage:310 - Check plugin lpbam
2024-11-20 07:34:31,362 [INFO] PluginManage:359 - Loaded plugin lpbam (category:base,tabindex:0)
2024-11-20 07:34:31,362 [INFO] PluginManage:310 - Check plugin memorymap
2024-11-20 07:34:31,379 [INFO] PluginManage:359 - Loaded plugin memorymap (category:base,tabindex:4)
2024-11-20 07:34:31,380 [INFO] PluginManage:310 - Check plugin pinoutandconfiguration
2024-11-20 07:34:31,389 [INFO] PluginManage:359 - Loaded plugin pinoutandconfiguration (category:base,tabindex:1)
2024-11-20 07:34:31,390 [INFO] PluginManage:310 - Check plugin pinoutconfig
2024-11-20 07:34:31,477 [WARN] SupportedApi:132 - Cannot load RTOS API schema: s4s-elt-must-match.1: The content of 'definitions' must match (annotation?, (simpleType | complexType)?, (unique | key | keyref)*)). A problem was found starting at: attribute.
2024-11-20 07:34:31,617 [INFO] PluginManage:359 - Loaded plugin pinoutconfig (category:base,tabindex:0)
2024-11-20 07:34:31,618 [INFO] PluginManage:310 - Check plugin power
2024-11-20 07:34:31,626 [INFO] PluginManage:359 - Loaded plugin power (category:power,tabindex:4)
2024-11-20 07:34:31,627 [INFO] PluginManage:310 - Check plugin projectmanager
2024-11-20 07:34:31,641 [INFO] PluginManage:359 - Loaded plugin projectmanager (category:projectmanager,tabindex:4)
2024-11-20 07:34:31,642 [INFO] PluginManage:310 - Check plugin rif
2024-11-20 07:34:31,647 [INFO] PluginManage:359 - Loaded plugin rif (category:base,tabindex:3)
2024-11-20 07:34:31,647 [INFO] PluginManage:310 - Check plugin thirdparty
2024-11-20 07:34:31,758 [INFO] PluginManage:359 - Loaded plugin thirdparty (category:base,tabindex:-1)
2024-11-20 07:34:31,758 [WARN] IntegrityCheckThread:84 - waiting for thirdparty lock release [integrity check]
2024-11-20 07:34:31,758 [INFO] PluginManage:310 - Check plugin tools
2024-11-20 07:34:31,758 [INFO] IntegrityCheckThread:86 - entering critical section [integrity check]
2024-11-20 07:34:31,758 [INFO] ThirdPartyUpdaterWithRetryManager:70 - Updater plugin not ready yet. [1/15]
2024-11-20 07:34:31,760 [INFO] PluginManage:359 - Loaded plugin tools (category:base,tabindex:7)
2024-11-20 07:34:31,760 [INFO] PluginManage:310 - Check plugin tutovideos
2024-11-20 07:34:31,933 [INFO] PluginManage:359 - Loaded plugin tutovideos (category:base,tabindex:-1)
2024-11-20 07:34:31,933 [INFO] PluginManage:310 - Check plugin updater
2024-11-20 07:34:31,953 [INFO] PluginManage:359 - Loaded plugin updater (category:base,tabindex:12)
2024-11-20 07:34:31,953 [INFO] PluginManage:310 - Check plugin userauth
2024-11-20 07:34:31,959 [INFO] UserAuth:113 - Init User Auth plugin
2024-11-20 07:34:31,959 [INFO] PluginManage:359 - Loaded plugin userauth (category:base,tabindex:14)
2024-11-20 07:34:31,960 [INFO] PluginManage:283 - PluginManage : Loaded plugins [18]
2024-11-20 07:34:32,135 [INFO] PinOutPanel:1561 - setPackage(No Configuration,No Configuration)
2024-11-20 07:34:32,206 [INFO] CADModel:165 - CPN selected for project level
2024-11-20 07:34:32,206 [INFO] CADModel:114 - Register for checkConnection events
2024-11-20 07:34:32,216 [INFO] IPUIPlugin:80 - create IPUIPlugin
2024-11-20 07:34:32,216 [INFO] PluginManager:220 - loadIPPluginJar : add quadspi
2024-11-20 07:34:32,222 [INFO] IPUIPlugin:80 - create IPUIPlugin
2024-11-20 07:34:32,223 [INFO] PluginManager:220 - loadIPPluginJar : add cryp
2024-11-20 07:34:32,225 [INFO] IPUIPlugin:80 - create IPUIPlugin
2024-11-20 07:34:32,225 [INFO] PluginManager:220 - loadIPPluginJar : add i2c
2024-11-20 07:34:32,230 [INFO] IPUIPlugin:80 - create IPUIPlugin
2024-11-20 07:34:32,230 [INFO] PluginManager:220 - loadIPPluginJar : add dma
2024-11-20 07:34:32,235 [INFO] IPUIPlugin:80 - create IPUIPlugin
2024-11-20 07:34:32,235 [INFO] PluginManager:220 - loadIPPluginJar : add opamp
2024-11-20 07:34:32,237 [INFO] IPUIPlugin:80 - create IPUIPlugin
2024-11-20 07:34:32,237 [INFO] PluginManager:220 - loadIPPluginJar : add usart
2024-11-20 07:34:32,239 [INFO] IPUIPlugin:80 - create IPUIPlugin
2024-11-20 07:34:32,239 [INFO] PluginManager:220 - loadIPPluginJar : add i2s
2024-11-20 07:34:32,244 [INFO] IPUIPlugin:80 - create IPUIPlugin
2024-11-20 07:34:32,244 [INFO] PluginManager:220 - loadIPPluginJar : add adc
2024-11-20 07:34:32,246 [INFO] IPUIPlugin:80 - create IPUIPlugin
2024-11-20 07:34:32,246 [INFO] PluginManager:220 - loadIPPluginJar : add tracer_emb
2024-11-20 07:34:32,249 [INFO] IPUIPlugin:80 - create IPUIPlugin
2024-11-20 07:34:32,250 [INFO] PluginManager:220 - loadIPPluginJar : add touchsensing
2024-11-20 07:34:32,251 [INFO] IPUIPlugin:80 - create IPUIPlugin
2024-11-20 07:34:32,251 [INFO] PluginManager:220 - loadIPPluginJar : add ltdc
2024-11-20 07:34:32,254 [INFO] IPUIPlugin:80 - create IPUIPlugin
2024-11-20 07:34:32,254 [INFO] PluginManager:220 - loadIPPluginJar : add fmc
2024-11-20 07:34:32,257 [INFO] IPUIPlugin:80 - create IPUIPlugin
2024-11-20 07:34:32,257 [INFO] PluginManager:220 - loadIPPluginJar : add usbx
2024-11-20 07:34:32,258 [INFO] IPUIPlugin:80 - create IPUIPlugin
2024-11-20 07:34:32,259 [INFO] PluginManager:220 - loadIPPluginJar : add tim
2024-11-20 07:34:32,261 [INFO] IPUIPlugin:80 - create IPUIPlugin
2024-11-20 07:34:32,261 [INFO] PluginManager:220 - loadIPPluginJar : add dfsdm
2024-11-20 07:34:32,263 [INFO] IPUIPlugin:80 - create IPUIPlugin
2024-11-20 07:34:32,264 [INFO] PluginManager:220 - loadIPPluginJar : add i3c
2024-11-20 07:34:32,267 [INFO] IPUIPlugin:80 - create IPUIPlugin
2024-11-20 07:34:32,267 [INFO] PluginManager:220 - loadIPPluginJar : add nvic
2024-11-20 07:34:32,272 [INFO] IPUIPlugin:80 - create IPUIPlugin
2024-11-20 07:34:32,272 [INFO] PluginManager:220 - loadIPPluginJar : add gic
2024-11-20 07:34:32,274 [INFO] IPUIPlugin:80 - create IPUIPlugin
2024-11-20 07:34:32,274 [INFO] PluginManager:220 - loadIPPluginJar : add gfxmmu
2024-11-20 07:34:32,276 [INFO] IPUIPlugin:80 - create IPUIPlugin
2024-11-20 07:34:32,276 [INFO] PluginManager:220 - loadIPPluginJar : add ucpd
2024-11-20 07:34:32,282 [INFO] IPUIPlugin:80 - create IPUIPlugin
2024-11-20 07:34:32,284 [INFO] PluginManager:220 - loadIPPluginJar : add plateformsettings
2024-11-20 07:34:32,286 [INFO] IPUIPlugin:80 - create IPUIPlugin
2024-11-20 07:34:32,286 [INFO] PluginManager:220 - loadIPPluginJar : add fatfs
2024-11-20 07:34:32,290 [INFO] IPUIPlugin:80 - create IPUIPlugin
2024-11-20 07:34:32,290 [INFO] PluginManager:220 - loadIPPluginJar : add gpio
2024-11-20 07:34:32,293 [INFO] IPUIPlugin:80 - create IPUIPlugin
2024-11-20 07:34:32,293 [INFO] PluginManager:220 - loadIPPluginJar : add ipddr
2024-11-20 07:34:32,294 [INFO] IPUIPlugin:80 - create IPUIPlugin
2024-11-20 07:34:32,295 [INFO] PluginManager:220 - loadIPPluginJar : add tsc
2024-11-20 07:34:32,297 [INFO] IPUIPlugin:80 - create IPUIPlugin
2024-11-20 07:34:32,297 [INFO] PluginManager:220 - loadIPPluginJar : add lorawan
2024-11-20 07:34:32,300 [INFO] IPUIPlugin:80 - create IPUIPlugin
2024-11-20 07:34:32,300 [INFO] PluginManager:220 - loadIPPluginJar : add sai
2024-11-20 07:34:32,306 [INFO] IPUIPlugin:80 - create IPUIPlugin
2024-11-20 07:34:32,306 [INFO] PluginManager:220 - loadIPPluginJar : add mdma
2024-11-20 07:34:32,308 [INFO] IPUIPlugin:80 - create IPUIPlugin
2024-11-20 07:34:32,308 [INFO] PluginManager:220 - loadIPPluginJar : add dma3
2024-11-20 07:34:32,310 [INFO] IPUIPlugin:80 - create IPUIPlugin
2024-11-20 07:34:32,310 [INFO] PluginManager:220 - loadIPPluginJar : add ts
2024-11-20 07:34:32,312 [INFO] IPUIPlugin:80 - create IPUIPlugin
2024-11-20 07:34:32,312 [INFO] PluginManager:220 - loadIPPluginJar : add can
2024-11-20 07:34:32,314 [INFO] IPUIPlugin:80 - create IPUIPlugin
2024-11-20 07:34:32,314 [INFO] PluginManager:220 - loadIPPluginJar : add spi
2024-11-20 07:34:32,315 [INFO] IPUIPlugin:80 - create IPUIPlugin
2024-11-20 07:34:32,315 [INFO] PluginManager:220 - loadIPPluginJar : add hash
2024-11-20 07:34:32,317 [INFO] IPUIPlugin:80 - create IPUIPlugin
2024-11-20 07:34:32,318 [INFO] PluginManager:220 - loadIPPluginJar : add ddr_ctrl_phy
2024-11-20 07:34:32,320 [INFO] IPUIPlugin:80 - create IPUIPlugin
2024-11-20 07:34:32,320 [INFO] PluginManager:220 - loadIPPluginJar : add openamp
2024-11-20 07:34:32,325 [INFO] IPUIPlugin:80 - create IPUIPlugin
2024-11-20 07:34:32,325 [INFO] PluginManager:220 - loadIPPluginJar : add stm32_wpan
2024-11-20 07:34:32,330 [INFO] IPUIPlugin:80 - create IPUIPlugin
2024-11-20 07:34:32,330 [INFO] PluginManager:220 - loadIPPluginJar : add freertos
2024-11-20 07:34:32,332 [INFO] IPUIPlugin:80 - create IPUIPlugin
2024-11-20 07:34:32,332 [INFO] PluginManager:220 - loadIPPluginJar : add pdm2pcm
2024-11-20 07:34:32,333 [INFO] IPUIPlugin:80 - create IPUIPlugin
2024-11-20 07:34:32,334 [INFO] PluginManager:220 - loadIPPluginJar : add radio
2024-11-20 07:34:32,336 [INFO] IPUIPlugin:80 - create IPUIPlugin
2024-11-20 07:34:32,336 [INFO] PluginManager:220 - loadIPPluginJar : add aes
2024-11-20 07:34:32,338 [INFO] IPUIPlugin:80 - create IPUIPlugin
2024-11-20 07:34:32,338 [INFO] PluginManager:220 - loadIPPluginJar : add extmemmanager
2024-11-20 07:34:32,339 [INFO] IPUIPlugin:80 - create IPUIPlugin
2024-11-20 07:34:32,339 [INFO] PluginManager:220 - loadIPPluginJar : add genericplugin
2024-11-20 07:34:32,345 [INFO] IPUIPlugin:80 - create IPUIPlugin
2024-11-20 07:34:32,346 [INFO] PluginManager:220 - loadIPPluginJar : add linkedlist
2024-11-20 07:34:32,349 [INFO] IPUIPlugin:80 - create IPUIPlugin
2024-11-20 07:34:32,349 [INFO] PluginManager:220 - loadIPPluginJar : add resmgrutility
2024-11-20 07:34:32,352 [INFO] IPUIPlugin:80 - create IPUIPlugin
2024-11-20 07:34:32,352 [INFO] PluginManager:220 - loadIPPluginJar : add gtzc
2024-11-20 07:34:32,353 [INFO] IPUIPlugin:80 - create IPUIPlugin
2024-11-20 07:34:32,353 [INFO] PluginManager:220 - loadIPPluginJar : add comp
2024-11-20 07:34:32,454 [INFO] CADModel:165 - CPN selected for project level
2024-11-20 07:34:32,454 [INFO] CADModel:114 - Register for checkConnection events
2024-11-20 07:34:32,455 [FATAL] Updater:334 - Updater called before beeing initialized
2024-11-20 07:34:32,455 [ERROR] CADModel:125 - Updater not yet initialized, retry later 
2024-11-20 07:34:32,629 [INFO] CADModel:165 - CPN selected for project level
2024-11-20 07:34:32,630 [INFO] CADModel:114 - Register for checkConnection events
2024-11-20 07:34:32,630 [FATAL] Updater:334 - Updater called before beeing initialized
2024-11-20 07:34:32,630 [ERROR] CADModel:125 - Updater not yet initialized, retry later 
2024-11-20 07:34:32,634 [FATAL] Updater:334 - Updater called before beeing initialized
2024-11-20 07:34:32,715 [FATAL] Updater:334 - Updater called before beeing initialized
2024-11-20 07:34:32,719 [INFO] DbMcusAds:53 - JSON generation date=Fri Sep 20 10:04:38 BRT 2024 (1726837478367)
2024-11-20 07:34:32,719 [FATAL] Updater:334 - Updater called before beeing initialized
2024-11-20 07:34:32,761 [WARN] DetailPanel:346 - Failed to get advertising image, set to default
2024-11-20 07:34:32,850 [FATAL] Updater:334 - Updater called before beeing initialized
2024-11-20 07:34:32,852 [FATAL] Updater:334 - Updater called before beeing initialized
2024-11-20 07:34:32,852 [FATAL] Updater:334 - Updater called before beeing initialized
2024-11-20 07:34:32,852 [WARN] DetailPanel:346 - Failed to get advertising image, set to default
2024-11-20 07:34:32,853 [FATAL] Updater:334 - Updater called before beeing initialized
2024-11-20 07:34:32,883 [ERROR] Updater:1164 - MainUpdater not yet initialized. External WinMGr cannot be set.
2024-11-20 07:34:32,884 [INFO] Updater:1100 - Updater Version found : 6.12.1
2024-11-20 07:34:32,900 [INFO] ApplicationProperties:184 - Using Application install path: /opt/st/stm32cubeide_1.16.1/plugins/com.st.stm32cube.common.mx_6.12.1.202409122256
2024-11-20 07:34:33,397 [INFO] MainUpdater:2873 - connection check result : 10
2024-11-20 07:34:33,397 [INFO] MainUpdater:3567 - Updater definition file requires update
2024-11-20 07:34:33,398 [INFO] MainUpdater:290 - Updater Check For Update Now.
2024-11-20 07:34:33,398 [INFO] MicroXplorer:498 - Change Database Version : DB.6.0.121
2024-11-20 07:34:33,404 [INFO] McuFinderGlobals:63 - Set McuFinder mode to 2 (CubeIDE integrated)
2024-11-20 07:34:33,405 [INFO] UserAuth:417 - Internet connection configuration mode: 1
2024-11-20 07:34:33,422 [INFO] JxBrowserEngine:152 - Initiate JxBrowser Engine with user profile folder
2024-11-20 07:34:33,435 [INFO] ServerAccessManage:473 - Download File updaters.zip
2024-11-20 07:34:33,613 [INFO] FileExtend:240 - Unzip File : updaters.zip
2024-11-20 07:34:33,614 [INFO] FileExtend:255 - Standard Zip Deflate
2024-11-20 07:34:33,884 [INFO] ServerAccessManage:473 - Download File PacksControlFlags.xml
2024-11-20 07:34:33,995 [INFO] ServerAccessManage:473 - Download File cubemx.pidx
2024-11-20 07:34:34,141 [INFO] LoadServerUpdatesThread:375 - End of LoadServerUpdate Thread
2024-11-20 07:34:34,351 [INFO] CheckServerUpdateThread:120 - End of CheckServer Thread
2024-11-20 07:34:34,701 [INFO] WebApp:167 - Instantiating new browser for Auth
2024-11-20 07:34:34,978 [WARN] PackLoader:240 - Cannot read IP mode file for STMicroelectronics.FP-SNS-MOTENVWB1.1.4.0
2024-11-20 07:34:34,995 [WARN] PackLoader:240 - Cannot read IP mode file for STMicroelectronics.FP-ATR-ASTRA1.2.0.1
2024-11-20 07:34:35,016 [WARN] PackLoader:240 - Cannot read IP mode file for STMicroelectronics.X-CUBE-SMBUS.2.1.0
2024-11-20 07:34:35,033 [WARN] PackLoader:240 - Cannot read IP mode file for STMicroelectronics.X-CUBE-WB05N.1.1.0
2024-11-20 07:34:35,103 [WARN] PackLoader:240 - Cannot read IP mode file for STMicroelectronics.X-CUBE-AZRTOS-F7.1.1.0
2024-11-20 07:34:35,211 [WARN] PackLoader:240 - Cannot read IP mode file for STMicroelectronics.X-CUBE-MEMS1.11.0.0
2024-11-20 07:34:35,482 [WARN] PackLoader:240 - Cannot read IP mode file for STMicroelectronics.FP-SNS-FLIGHT1.5.0.2
2024-11-20 07:34:35,489 [WARN] PackLoader:240 - Cannot read IP mode file for STMicroelectronics.X-CUBE-DISPLAY.3.0.0
2024-11-20 07:34:35,498 [WARN] PackLoader:240 - Cannot read IP mode file for STMicroelectronics.X-CUBE-BLE1.7.0.0
2024-11-20 07:34:35,505 [WARN] PackLoader:240 - Cannot read IP mode file for STMicroelectronics.X-CUBE-NFC10.1.0.0
2024-11-20 07:34:35,519 [WARN] PackLoader:240 - Cannot read IP mode file for emotas.I-CUBE-CANOPEN.1.3.0
2024-11-20 07:34:35,534 [WARN] PackLoader:240 - Cannot read IP mode file for STMicroelectronics.X-CUBE-BLEMGR.3.1.0
2024-11-20 07:34:35,542 [WARN] PackLoader:240 - Cannot read IP mode file for STMicroelectronics.FP-SNS-SMARTAG2.1.2.0
2024-11-20 07:34:35,553 [INFO] LogOutputStream:77 - [STDOUT_REDIRECT] 1 : Invalid condition id : UX_CORESTACK_Condition cause : null
2024-11-20 07:34:35,555 [INFO] LogOutputStream:77 - [STDOUT_REDIRECT] 1 : Invalid condition id : UX_CORESTACK_Condition cause : null
2024-11-20 07:34:35,555 [INFO] LogOutputStream:77 - [STDOUT_REDIRECT] 1 : Invalid condition id : UX_CORESTACK_Condition cause : null
2024-11-20 07:34:35,556 [INFO] LogOutputStream:77 - [STDOUT_REDIRECT] 1 : Invalid condition id : UX_CORESTACK_Condition cause : null
2024-11-20 07:34:35,556 [INFO] LogOutputStream:77 - [STDOUT_REDIRECT] 1 : Invalid condition id : UX_CORESTACK_Condition cause : null
2024-11-20 07:34:35,562 [WARN] PackLoader:240 - Cannot read IP mode file for STMicroelectronics.X-CUBE-AZRTOS-WL.2.0.0
2024-11-20 07:34:35,568 [WARN] PackLoader:240 - Cannot read IP mode file for STMicroelectronics.FP-SNS-MOTENV1.5.0.0
2024-11-20 07:34:35,575 [WARN] PackLoader:240 - Cannot read IP mode file for wolfSSL.I-CUBE-wolfMQTT.1.19.0
2024-11-20 07:34:35,581 [WARN] PackLoader:240 - Cannot read IP mode file for WES.I-CUBE-Cesium.1.3.0
2024-11-20 07:34:35,586 [WARN] PackLoader:240 - Cannot read IP mode file for STMicroelectronics.X-CUBE-BLE2.3.3.0
2024-11-20 07:34:35,594 [WARN] PackLoader:240 - Cannot read IP mode file for STMicroelectronics.X-CUBE-NFC9.1.0.0
2024-11-20 07:34:35,603 [WARN] PackLoader:240 - Cannot read IP mode file for STMicroelectronics.X-CUBE-TCPP.4.1.0
2024-11-20 07:34:35,622 [WARN] PackLoader:240 - Cannot read IP mode file for STMicroelectronics.X-CUBE-AZRTOS-G0.1.1.0
2024-11-20 07:34:35,631 [WARN] PackLoader:240 - Cannot read IP mode file for STMicroelectronics.X-CUBE-SAFEA1.1.2.2
2024-11-20 07:34:35,636 [WARN] PackLoader:240 - Cannot read IP mode file for STMicroelectronics.X-CUBE-NFC4.3.0.0
2024-11-20 07:34:35,645 [WARN] PackLoader:240 - Cannot read IP mode file for EmbeddedOffice.I-CUBE-FS-RTOS.1.0.1
2024-11-20 07:34:35,645 [ERROR] ConditionMgr:805 - Attr not supported : Dmpu
2024-11-20 07:34:35,646 [ERROR] ConditionMgr:805 - Attr not supported : Dmpu
2024-11-20 07:34:35,646 [ERROR] ConditionMgr:805 - Attr not supported : Dmpu
2024-11-20 07:34:35,646 [ERROR] ConditionMgr:805 - Attr not supported : Dmpu
2024-11-20 07:34:35,646 [ERROR] ConditionMgr:805 - Attr not supported : Dmpu
2024-11-20 07:34:35,646 [ERROR] ConditionMgr:805 - Attr not supported : Dmpu
2024-11-20 07:34:35,646 [ERROR] ConditionMgr:805 - Attr not supported : Dmpu
2024-11-20 07:34:35,646 [ERROR] ConditionMgr:805 - Attr not supported : Dmpu
2024-11-20 07:34:35,646 [ERROR] ConditionMgr:805 - Attr not supported : Dmpu
2024-11-20 07:34:35,647 [ERROR] ConditionMgr:805 - Attr not supported : Dmpu
2024-11-20 07:34:35,647 [ERROR] ConditionMgr:805 - Attr not supported : Dmpu
2024-11-20 07:34:35,647 [ERROR] ConditionMgr:805 - Attr not supported : Dmpu
2024-11-20 07:34:35,647 [ERROR] ConditionMgr:805 - Attr not supported : Dmpu
2024-11-20 07:34:35,647 [ERROR] ConditionMgr:805 - Attr not supported : Dmpu
2024-11-20 07:34:35,647 [ERROR] ConditionMgr:805 - Attr not supported : Dmpu
2024-11-20 07:34:35,647 [ERROR] ConditionMgr:805 - Attr not supported : Dmpu
2024-11-20 07:34:35,647 [ERROR] ConditionMgr:805 - Attr not supported : Dmpu
2024-11-20 07:34:35,647 [ERROR] ConditionMgr:805 - Attr not supported : Dmpu
2024-11-20 07:34:35,647 [ERROR] ConditionMgr:805 - Attr not supported : Dmpu
2024-11-20 07:34:35,648 [ERROR] ConditionMgr:805 - Attr not supported : Dmpu
2024-11-20 07:34:35,648 [ERROR] ConditionMgr:805 - Attr not supported : Dmpu
2024-11-20 07:34:35,648 [ERROR] ConditionMgr:805 - Attr not supported : Dmpu
2024-11-20 07:34:35,648 [ERROR] ConditionMgr:805 - Attr not supported : Dmpu
2024-11-20 07:34:35,648 [ERROR] ConditionMgr:805 - Attr not supported : Dmpu
2024-11-20 07:34:35,648 [ERROR] ConditionMgr:805 - Attr not supported : Dmpu
2024-11-20 07:34:35,648 [ERROR] ConditionMgr:805 - Attr not supported : Dmpu
2024-11-20 07:34:35,648 [ERROR] ConditionMgr:805 - Attr not supported : Dmpu
2024-11-20 07:34:35,648 [ERROR] ConditionMgr:805 - Attr not supported : Dmpu
2024-11-20 07:34:35,648 [ERROR] ConditionMgr:805 - Attr not supported : Dmpu
2024-11-20 07:34:35,649 [ERROR] ConditionMgr:805 - Attr not supported : Dmpu
2024-11-20 07:34:35,649 [ERROR] ConditionMgr:805 - Attr not supported : Dmpu
2024-11-20 07:34:35,649 [ERROR] ConditionMgr:805 - Attr not supported : Dmpu
2024-11-20 07:34:35,649 [ERROR] ConditionMgr:805 - Attr not supported : Dmpu
2024-11-20 07:34:35,649 [ERROR] ConditionMgr:805 - Attr not supported : Dmpu
2024-11-20 07:34:35,649 [ERROR] ConditionMgr:805 - Attr not supported : Dmpu
2024-11-20 07:34:35,649 [ERROR] ConditionMgr:805 - Attr not supported : Dmpu
2024-11-20 07:34:35,649 [ERROR] ConditionMgr:805 - Attr not supported : Dmpu
2024-11-20 07:34:35,649 [ERROR] ConditionMgr:805 - Attr not supported : Dmpu
2024-11-20 07:34:35,649 [ERROR] ConditionMgr:805 - Attr not supported : Dmpu
2024-11-20 07:34:35,650 [ERROR] ConditionMgr:805 - Attr not supported : Dmpu
2024-11-20 07:34:35,650 [ERROR] ConditionMgr:805 - Attr not supported : Dmpu
2024-11-20 07:34:35,650 [ERROR] ConditionMgr:805 - Attr not supported : Dmpu
2024-11-20 07:34:35,650 [ERROR] ConditionMgr:805 - Attr not supported : Dmpu
2024-11-20 07:34:35,650 [ERROR] ConditionMgr:805 - Attr not supported : Dmpu
2024-11-20 07:34:35,650 [ERROR] ConditionMgr:805 - Attr not supported : Dmpu
2024-11-20 07:34:35,650 [ERROR] ConditionMgr:805 - Attr not supported : Dmpu
2024-11-20 07:34:35,650 [ERROR] ConditionMgr:805 - Attr not supported : Dmpu
2024-11-20 07:34:35,650 [ERROR] ConditionMgr:805 - Attr not supported : Dmpu
2024-11-20 07:34:35,651 [ERROR] ConditionMgr:805 - Attr not supported : Dmpu
2024-11-20 07:34:35,651 [ERROR] ConditionMgr:805 - Attr not supported : Dmpu
2024-11-20 07:34:35,651 [ERROR] ConditionMgr:805 - Attr not supported : Dmpu
2024-11-20 07:34:35,651 [ERROR] ConditionMgr:805 - Attr not supported : Dmpu
2024-11-20 07:34:35,651 [ERROR] ConditionMgr:805 - Attr not supported : Dmpu
2024-11-20 07:34:35,651 [ERROR] ConditionMgr:805 - Attr not supported : Dmpu
2024-11-20 07:34:35,651 [ERROR] ConditionMgr:805 - Attr not supported : Dmpu
2024-11-20 07:34:35,651 [ERROR] ConditionMgr:805 - Attr not supported : Dmpu
2024-11-20 07:34:35,651 [ERROR] ConditionMgr:805 - Attr not supported : Dmpu
2024-11-20 07:34:35,651 [ERROR] ConditionMgr:805 - Attr not supported : Dmpu
2024-11-20 07:34:35,652 [ERROR] ConditionMgr:805 - Attr not supported : Dmpu
2024-11-20 07:34:35,652 [ERROR] ConditionMgr:805 - Attr not supported : Dmpu
2024-11-20 07:34:35,652 [ERROR] ConditionMgr:805 - Attr not supported : Dmpu
2024-11-20 07:34:35,652 [ERROR] ConditionMgr:805 - Attr not supported : Dmpu
2024-11-20 07:34:35,652 [ERROR] ConditionMgr:805 - Attr not supported : Dmpu
2024-11-20 07:34:35,652 [ERROR] ConditionMgr:805 - Attr not supported : Dmpu
2024-11-20 07:34:35,656 [WARN] PackLoader:240 - Cannot read IP mode file for RealThread.X-CUBE-RT-Thread_Nano.4.1.1
2024-11-20 07:34:35,659 [WARN] PackLoader:240 - Cannot read IP mode file for STMicroelectronics.FP-ATR-SIGFOX1.3.2.0
2024-11-20 07:34:35,662 [WARN] ConditionMgr:438 - getConditionDescription Invalid condition id : Cortex-A Device cause : null
2024-11-20 07:34:35,669 [WARN] ConditionMgr:1039 - genDependencies : Invalid condition id : Cortex-A Device cause : null
2024-11-20 07:34:35,669 [WARN] ConditionMgr:1039 - genDependencies : Invalid condition id : Cortex-A Device cause : null
2024-11-20 07:34:35,670 [WARN] ConditionMgr:1039 - genDependencies : Invalid condition id : Cortex-A Device cause : null
2024-11-20 07:34:35,674 [WARN] PackLoader:240 - Cannot read IP mode file for STMicroelectronics.X-CUBE-EEPRMA1.5.1.0
2024-11-20 07:34:35,744 [WARN] PackLoader:240 - Cannot read IP mode file for wolfSSL.I-CUBE-wolfSSL.5.7.4
2024-11-20 07:34:35,748 [WARN] PackLoader:240 - Cannot read IP mode file for ITTIA_DB.I-CUBE-ITTIADB.8.9.0
2024-11-20 07:34:35,782 [WARN] PackLoader:240 - Cannot read IP mode file for SEGGER.I-CUBE-embOS.1.3.1
2024-11-20 07:34:35,854 [WARN] PackLoader:240 - Cannot read IP mode file for STMicroelectronics.X-CUBE-ALGOBUILD.1.4.0
2024-11-20 07:34:35,858 [WARN] PackLoader:240 - Cannot read IP mode file for STMicroelectronics.X-CUBE-AI.9.1.0
2024-11-20 07:34:35,879 [WARN] PackLoader:240 - Cannot read IP mode file for STMicroelectronics.X-CUBE-AZRTOS-F4.1.1.0
2024-11-20 07:34:35,886 [WARN] PackLoader:240 - Cannot read IP mode file for STMicroelectronics.X-CUBE-ISPU.2.1.0
2024-11-20 07:34:35,890 [WARN] PackLoader:240 - Cannot read IP mode file for STMicroelectronics.X-CUBE-FREERTOS.1.2.0
2024-11-20 07:34:35,906 [WARN] PackLoader:240 - Cannot read IP mode file for STMicroelectronics.X-CUBE-AZRTOS-L5.2.0.0
2024-11-20 07:34:35,916 [WARN] PackLoader:240 - Cannot read IP mode file for STMicroelectronics.X-CUBE-NFC6.3.1.0
2024-11-20 07:34:35,922 [WARN] PackLoader:240 - Cannot read IP mode file for STMicroelectronics.X-CUBE-DPower.1.2.0
2024-11-20 07:34:35,927 [WARN] PackLoader:240 - Cannot read IP mode file for STMicroelectronics.X-CUBE-NFC7.1.0.1
2024-11-20 07:34:35,948 [WARN] ConditionMgr:438 - getConditionDescription Invalid condition id : LAN8742 Phy interface Condition cause : null
2024-11-20 07:34:35,949 [WARN] PackLoader:240 - Cannot read IP mode file for STMicroelectronics.X-CUBE-AZRTOS-L4.2.0.0
2024-11-20 07:34:35,950 [WARN] ConditionMgr:1039 - genDependencies : Invalid condition id : LAN8742 Phy interface Condition cause : null
2024-11-20 07:34:35,950 [WARN] ConditionMgr:1039 - genDependencies : Invalid condition id : LAN8742 Phy interface Condition cause : null
2024-11-20 07:34:35,951 [WARN] ConditionMgr:1039 - genDependencies : Invalid condition id : LAN8742 Phy interface Condition cause : null
2024-11-20 07:34:35,957 [WARN] PackLoader:240 - Cannot read IP mode file for STMicroelectronics.X-CUBE-SFXS2LP1.4.0.0
2024-11-20 07:34:35,976 [WARN] PackLoader:240 - Cannot read IP mode file for STMicroelectronics.X-CUBE-AZRTOS-H7.3.3.0
2024-11-20 07:34:35,988 [WARN] PackLoader:240 - Cannot read IP mode file for STMicroelectronics.X-CUBE-IPS.3.0.0
2024-11-20 07:34:36,005 [WARN] ConditionMgr:438 - getConditionDescription Invalid condition id : UX DEVICE CLASS RTOS Condition cause : null
2024-11-20 07:34:36,006 [WARN] ConditionMgr:438 - getConditionDescription Invalid condition id : UX DEVICE CLASS RTOS Condition cause : null
2024-11-20 07:34:36,007 [WARN] PackLoader:240 - Cannot read IP mode file for STMicroelectronics.X-CUBE-AZRTOS-WB.2.0.0
2024-11-20 07:34:36,008 [WARN] ConditionMgr:1039 - genDependencies : Invalid condition id : UX DEVICE CLASS RTOS Condition cause : null
2024-11-20 07:34:36,008 [WARN] ConditionMgr:1039 - genDependencies : Invalid condition id : UX DEVICE CLASS RTOS Condition cause : null
2024-11-20 07:34:36,008 [WARN] ConditionMgr:1039 - genDependencies : Invalid condition id : UX DEVICE CLASS RTOS Condition cause : null
2024-11-20 07:34:36,009 [WARN] ConditionMgr:1039 - genDependencies : Invalid condition id : UX DEVICE CLASS RTOS Condition cause : null
2024-11-20 07:34:36,009 [WARN] ConditionMgr:1039 - genDependencies : Invalid condition id : UX DEVICE CLASS RTOS Condition cause : null
2024-11-20 07:34:36,013 [WARN] PackLoader:240 - Cannot read IP mode file for STMicroelectronics.X-CUBE-GNSS1.7.0.0
2024-11-20 07:34:36,020 [WARN] PackLoader:240 - Cannot read IP mode file for STMicroelectronics.FP-SNS-STBOX1.2.0.0
2024-11-20 07:34:36,032 [WARN] PackLoader:240 - Cannot read IP mode file for STMicroelectronics.X-CUBE-SUBG2.5.0.0
2024-11-20 07:34:36,040 [WARN] PackLoader:240 - Cannot read IP mode file for Cesanta.I-CUBE-Mongoose.7.13.0
2024-11-20 07:34:36,056 [WARN] PackLoader:240 - Cannot read IP mode file for STMicroelectronics.X-CUBE-AZRTOS-G4.2.0.0
2024-11-20 07:34:36,061 [WARN] PackLoader:240 - Cannot read IP mode file for STMicroelectronics.X-CUBE-ALS.1.0.2
2024-11-20 07:34:36,064 [WARN] PackLoader:240 - Cannot read IP mode file for STMicroelectronics.X-CUBE-TOUCHGFX.4.24.1
2024-11-20 07:34:36,067 [WARN] PackLoader:240 - Cannot read IP mode file for wolfSSL.I-CUBE-wolfTPM.3.4.0
2024-11-20 07:34:36,071 [WARN] PackLoader:240 - Cannot read IP mode file for portGmbH.I-Cube-SoM-uGOAL.1.1.0
2024-11-20 07:34:36,090 [WARN] PackLoader:240 - Cannot read IP mode file for STMicroelectronics.X-CUBE-AZRTOS-H7RS.1.0.0
2024-11-20 07:34:36,096 [WARN] PackLoader:240 - Cannot read IP mode file for STMicroelectronics.FP-ATR-ASTRA1.2.0.0
2024-11-20 07:34:36,107 [WARN] PackLoader:240 - Cannot read IP mode file for STMicroelectronics.X-CUBE-TOF1.3.4.2
2024-11-20 07:34:36,147 [WARN] PackLoader:240 - Cannot read IP mode file for Infineon.AIROC-Wi-Fi-Bluetooth-STM32.1.6.1
2024-11-20 07:34:36,155 [WARN] PackLoader:240 - Cannot read IP mode file for wolfSSL.I-CUBE-wolfSSH.1.4.17
2024-11-20 07:34:36,157 [INFO] ThirdParty:978 - Integrity check success = true
2024-11-20 07:34:36,157 [INFO] IntegrityCheckThread:100 - exiting critical section [integrity check]
2024-11-20 07:34:36,157 [INFO] IntegrityCheckThread:103 - End integrity checks thread
2024-11-20 07:34:36,498 [INFO] WebApp:448 - Apply proxy settings
2024-11-20 07:34:36,499 [INFO] WebApp:533 - Chromium requires no authentication
2024-11-20 07:34:36,514 [INFO] WebApp:476 - Direct internet connection detected
2024-11-20 07:34:36,546 [INFO] WebApp:869 - Register for checkConnection events
2024-11-20 07:34:36,546 [INFO] WebApp:448 - Apply proxy settings
2024-11-20 07:34:36,546 [INFO] WebApp:533 - Chromium requires no authentication
2024-11-20 07:34:36,547 [INFO] WebApp:476 - Direct internet connection detected
2024-11-20 07:34:36,787 [INFO] WebApp:220 - Starting web application
2024-11-20 07:34:36,787 [INFO] WebApp:578 - Web application path used /opt/st/stm32cubeide_1.16.1/plugins/com.st.stm32cube.common.mx_6.12.1.202409122256/db/plugins/mcufinder/reactClient1/index.html
2024-11-20 07:34:37,060 [INFO] WebApp:186 - Connection restablished
2024-11-20 07:34:37,094 [INFO] UserAuth:417 - Internet connection configuration mode: 1
2024-11-20 07:53:11,423 [INFO] WebApp:189 - Connection lost
2024-11-20 07:53:19,461 [INFO] WebApp:186 - Connection restablished
2024-11-20 07:54:35,739 [INFO] WebApp:189 - Connection lost
2024-11-20 07:54:36,034 [INFO] WebApp:186 - Connection restablished
2024-11-20 08:18:59,060 [INFO] WebApp:189 - Connection lost
2024-11-20 08:19:05,808 [INFO] WebApp:186 - Connection restablished
2024-11-20 08:19:07,595 [INFO] WebApp:189 - Connection lost
2024-11-20 08:19:07,848 [INFO] WebApp:186 - Connection restablished
2024-11-20 08:19:21,283 [INFO] WebApp:189 - Connection lost
2024-11-20 08:19:21,542 [INFO] WebApp:186 - Connection restablished
