2024-11-26 10:31:36,797 [INFO] Activator:176 - 


2024-11-26 10:31:36,800 [INFO] Activator:177 - !SESSION log4j initialized
2024-11-26 10:31:45,223 [INFO] LogOutputStream:77 - [STDOUT_REDIRECT] 
2024-11-26 10:31:45,683 [INFO] ApplicationProperties:184 - Using Application install path: /opt/st/stm32cubeide_1.16.1/plugins/com.st.stm32cube.common.mx_6.12.1.202409122256
2024-11-26 10:31:45,698 [INFO] DbMcusXml:78 - Set database path to: /opt/st/stm32cubeide_1.16.1/plugins/com.st.stm32cube.common.mx_6.12.1.202409122256//db//mcu/
2024-11-26 10:31:45,698 [INFO] ApiDb:274 - Set plugin database path to: /opt/st/stm32cubeide_1.16.1/plugins/com.st.stm32cube.common.mx_6.12.1.202409122256//db//plugins/boardmanager/
2024-11-26 10:31:45,698 [WARN] ApiDb:259 - Overriding images path with different value:  => /opt/st/stm32cubeide_1.16.1/plugins/com.st.stm32cube.common.mx_6.12.1.202409122256//db//plugins/mcufinder/images/
2024-11-26 10:31:45,706 [INFO] ApiDb:250 - Set database path to: /home/volkswagen2/.stmcufinder/plugins/mcufinder//mcu/
2024-11-26 10:31:45,707 [INFO] DbMcusAds:125 - Set database path to: /home/volkswagen2/.stmcufinder/plugins/mcufinder//mcu/
2024-11-26 10:31:45,709 [INFO] CrossReferenceDbSqlite:203 - Set database path to: /home/volkswagen2/.stmcufinder/plugins/mcufinder//mcu/cs/
2024-11-26 10:31:45,862 [INFO] RulesReader:64 - Compatibility file has been processed (297 Rules)
2024-11-26 10:31:45,903 [INFO] DbMcusXml:78 - Set database path to: /opt/st/stm32cubeide_1.16.1/plugins/com.st.stm32cube.common.mx_6.12.1.202409122256//db//mcu/
2024-11-26 10:31:45,903 [INFO] ApiDb:274 - Set plugin database path to: /opt/st/stm32cubeide_1.16.1/plugins/com.st.stm32cube.common.mx_6.12.1.202409122256//db//plugins/boardmanager/
2024-11-26 10:31:45,903 [INFO] ApiDb:261 - Set plugin images path to: /opt/st/stm32cubeide_1.16.1/plugins/com.st.stm32cube.common.mx_6.12.1.202409122256//db//plugins/mcufinder/images/
2024-11-26 10:31:45,903 [WARN] DbFile:41 - Overriding database path with different value: /home/volkswagen2/.stmcufinder/plugins/mcufinder/ => /home/volkswagen2/.stmcufinder/plugins/mcufinder
2024-11-26 10:31:45,903 [INFO] ApiDb:250 - Set database path to: /home/volkswagen2/.stmcufinder/plugins/mcufinder//mcu/
2024-11-26 10:31:45,904 [WARN] DbFile:41 - Overriding database path with different value: /home/volkswagen2/.stmcufinder/plugins/mcufinder/ => /home/volkswagen2/.stmcufinder/plugins/mcufinder
2024-11-26 10:31:45,904 [INFO] DbMcusAds:125 - Set database path to: /home/volkswagen2/.stmcufinder/plugins/mcufinder//mcu/
2024-11-26 10:31:45,904 [WARN] DbFile:41 - Overriding database path with different value: /home/volkswagen2/.stmcufinder/plugins/mcufinder/ => /home/volkswagen2/.stmcufinder/plugins/mcufinder
2024-11-26 10:31:45,904 [WARN] DbFile:41 - Overriding database path with different value: /home/volkswagen2/.stmcufinder/plugins/mcufinder/ => /home/volkswagen2/.stmcufinder/plugins/mcufinder
2024-11-26 10:31:45,904 [INFO] CrossReferenceDbSqlite:203 - Set database path to: /home/volkswagen2/.stmcufinder/plugins/mcufinder//mcu/cs/
2024-11-26 10:31:45,952 [INFO] MainPanel:268 - HeapMemory: 268435456
2024-11-26 10:31:46,049 [INFO] DbMcusXml:78 - Set database path to: /opt/st/stm32cubeide_1.16.1/plugins/com.st.stm32cube.common.mx_6.12.1.202409122256//db//mcu/
2024-11-26 10:31:46,049 [INFO] ApiDb:274 - Set plugin database path to: /opt/st/stm32cubeide_1.16.1/plugins/com.st.stm32cube.common.mx_6.12.1.202409122256//db//plugins/boardmanager/
2024-11-26 10:31:46,049 [INFO] ApiDb:261 - Set plugin images path to: /opt/st/stm32cubeide_1.16.1/plugins/com.st.stm32cube.common.mx_6.12.1.202409122256//db//plugins/mcufinder/images/
2024-11-26 10:31:46,049 [WARN] DbFile:41 - Overriding database path with different value: /home/volkswagen2/.stmcufinder/plugins/mcufinder/ => /home/volkswagen2/.stmcufinder/plugins/mcufinder
2024-11-26 10:31:46,049 [INFO] ApiDb:250 - Set database path to: /home/volkswagen2/.stmcufinder/plugins/mcufinder//mcu/
2024-11-26 10:31:46,049 [WARN] DbFile:41 - Overriding database path with different value: /home/volkswagen2/.stmcufinder/plugins/mcufinder/ => /home/volkswagen2/.stmcufinder/plugins/mcufinder
2024-11-26 10:31:46,049 [INFO] DbMcusAds:125 - Set database path to: /home/volkswagen2/.stmcufinder/plugins/mcufinder//mcu/
2024-11-26 10:31:46,049 [WARN] DbFile:41 - Overriding database path with different value: /home/volkswagen2/.stmcufinder/plugins/mcufinder/ => /home/volkswagen2/.stmcufinder/plugins/mcufinder
2024-11-26 10:31:46,049 [WARN] DbFile:41 - Overriding database path with different value: /home/volkswagen2/.stmcufinder/plugins/mcufinder/ => /home/volkswagen2/.stmcufinder/plugins/mcufinder
2024-11-26 10:31:46,050 [INFO] CrossReferenceDbSqlite:203 - Set database path to: /home/volkswagen2/.stmcufinder/plugins/mcufinder//mcu/cs/
2024-11-26 10:31:46,059 [INFO] ApplicationProperties:184 - Using Application install path: /opt/st/stm32cubeide_1.16.1/plugins/com.st.stm32cube.common.mx_6.12.1.202409122256
2024-11-26 10:31:46,060 [INFO] PluginManage:196 - Search for loadable plugins [exclusion list=, ]
2024-11-26 10:31:46,060 [INFO] PluginManage:310 - Check plugin analytics
2024-11-26 10:31:46,164 [INFO] AnalyticsPlugin:253 - Accepted Software Licenses: 
2024-11-26 10:31:46,164 [INFO] AnalyticsPlugin:255 - Accepted CMSIS Pack Licenses: STMicroelectronics.X-CUBE-EEPRMA1.5.1.0
2024-11-26 10:31:46,164 [INFO] AnalyticsPlugin:257 - Accepted Firmware Licenses: 
2024-11-26 10:31:46,165 [INFO] PluginManage:359 - Loaded plugin analytics (category:tool,tabindex:-1)
2024-11-26 10:31:46,166 [INFO] PluginManage:310 - Check plugin cadmodel
2024-11-26 10:31:46,170 [INFO] CADModel:105 - Init CAD model plugin
2024-11-26 10:31:46,170 [INFO] PluginManage:359 - Loaded plugin cadmodel (category:power,tabindex:5)
2024-11-26 10:31:46,170 [INFO] PluginManage:310 - Check plugin clock
2024-11-26 10:31:46,177 [INFO] PluginManage:359 - Loaded plugin clock (category:base,tabindex:2)
2024-11-26 10:31:46,177 [INFO] PluginManage:310 - Check plugin ddr
2024-11-26 10:31:46,179 [INFO] PluginManage:359 - Loaded plugin ddr (category:tool,tabindex:6)
2024-11-26 10:31:46,179 [INFO] PluginManage:310 - Check plugin filemanager
2024-11-26 10:31:46,281 [INFO] PluginManage:359 - Loaded plugin filemanager (category:base,tabindex:10)
2024-11-26 10:31:46,281 [INFO] PluginManage:310 - Check plugin ipmanager
2024-11-26 10:31:46,286 [INFO] PluginManage:359 - Loaded plugin ipmanager (category:base,tabindex:5)
2024-11-26 10:31:46,286 [INFO] PluginManage:310 - Check plugin lpbam
2024-11-26 10:31:46,292 [INFO] PluginManage:359 - Loaded plugin lpbam (category:base,tabindex:0)
2024-11-26 10:31:46,293 [INFO] PluginManage:310 - Check plugin memorymap
2024-11-26 10:31:46,301 [INFO] PluginManage:359 - Loaded plugin memorymap (category:base,tabindex:4)
2024-11-26 10:31:46,301 [INFO] PluginManage:310 - Check plugin pinoutandconfiguration
2024-11-26 10:31:46,307 [INFO] PluginManage:359 - Loaded plugin pinoutandconfiguration (category:base,tabindex:1)
2024-11-26 10:31:46,307 [INFO] PluginManage:310 - Check plugin pinoutconfig
2024-11-26 10:31:46,366 [WARN] SupportedApi:132 - Cannot load RTOS API schema: s4s-elt-must-match.1: The content of 'definitions' must match (annotation?, (simpleType | complexType)?, (unique | key | keyref)*)). A problem was found starting at: attribute.
2024-11-26 10:31:46,459 [INFO] PluginManage:359 - Loaded plugin pinoutconfig (category:base,tabindex:0)
2024-11-26 10:31:46,460 [INFO] PluginManage:310 - Check plugin power
2024-11-26 10:31:46,466 [INFO] PluginManage:359 - Loaded plugin power (category:power,tabindex:4)
2024-11-26 10:31:46,466 [INFO] PluginManage:310 - Check plugin projectmanager
2024-11-26 10:31:46,477 [INFO] PluginManage:359 - Loaded plugin projectmanager (category:projectmanager,tabindex:4)
2024-11-26 10:31:46,477 [INFO] PluginManage:310 - Check plugin rif
2024-11-26 10:31:46,481 [INFO] PluginManage:359 - Loaded plugin rif (category:base,tabindex:3)
2024-11-26 10:31:46,481 [INFO] PluginManage:310 - Check plugin thirdparty
2024-11-26 10:31:46,561 [INFO] PluginManage:359 - Loaded plugin thirdparty (category:base,tabindex:-1)
2024-11-26 10:31:46,561 [WARN] IntegrityCheckThread:84 - waiting for thirdparty lock release [integrity check]
2024-11-26 10:31:46,561 [INFO] PluginManage:310 - Check plugin tools
2024-11-26 10:31:46,561 [INFO] IntegrityCheckThread:86 - entering critical section [integrity check]
2024-11-26 10:31:46,562 [INFO] ThirdPartyUpdaterWithRetryManager:70 - Updater plugin not ready yet. [1/15]
2024-11-26 10:31:46,563 [INFO] PluginManage:359 - Loaded plugin tools (category:base,tabindex:7)
2024-11-26 10:31:46,563 [INFO] PluginManage:310 - Check plugin tutovideos
2024-11-26 10:31:46,683 [INFO] PluginManage:359 - Loaded plugin tutovideos (category:base,tabindex:-1)
2024-11-26 10:31:46,683 [INFO] PluginManage:310 - Check plugin updater
2024-11-26 10:31:46,695 [INFO] PluginManage:359 - Loaded plugin updater (category:base,tabindex:12)
2024-11-26 10:31:46,696 [INFO] PluginManage:310 - Check plugin userauth
2024-11-26 10:31:46,699 [INFO] UserAuth:113 - Init User Auth plugin
2024-11-26 10:31:46,699 [INFO] PluginManage:359 - Loaded plugin userauth (category:base,tabindex:14)
2024-11-26 10:31:46,700 [INFO] PluginManage:283 - PluginManage : Loaded plugins [18]
2024-11-26 10:31:46,810 [INFO] PinOutPanel:1561 - setPackage(No Configuration,No Configuration)
2024-11-26 10:31:46,862 [INFO] CADModel:165 - CPN selected for project level
2024-11-26 10:31:46,862 [INFO] CADModel:114 - Register for checkConnection events
2024-11-26 10:31:46,870 [INFO] IPUIPlugin:80 - create IPUIPlugin
2024-11-26 10:31:46,870 [INFO] PluginManager:220 - loadIPPluginJar : add quadspi
2024-11-26 10:31:46,874 [INFO] IPUIPlugin:80 - create IPUIPlugin
2024-11-26 10:31:46,874 [INFO] PluginManager:220 - loadIPPluginJar : add cryp
2024-11-26 10:31:46,876 [INFO] IPUIPlugin:80 - create IPUIPlugin
2024-11-26 10:31:46,876 [INFO] PluginManager:220 - loadIPPluginJar : add i2c
2024-11-26 10:31:46,881 [INFO] IPUIPlugin:80 - create IPUIPlugin
2024-11-26 10:31:46,881 [INFO] PluginManager:220 - loadIPPluginJar : add dma
2024-11-26 10:31:46,885 [INFO] IPUIPlugin:80 - create IPUIPlugin
2024-11-26 10:31:46,885 [INFO] PluginManager:220 - loadIPPluginJar : add opamp
2024-11-26 10:31:46,887 [INFO] IPUIPlugin:80 - create IPUIPlugin
2024-11-26 10:31:46,887 [INFO] PluginManager:220 - loadIPPluginJar : add usart
2024-11-26 10:31:46,888 [INFO] IPUIPlugin:80 - create IPUIPlugin
2024-11-26 10:31:46,888 [INFO] PluginManager:220 - loadIPPluginJar : add i2s
2024-11-26 10:31:46,893 [INFO] IPUIPlugin:80 - create IPUIPlugin
2024-11-26 10:31:46,893 [INFO] PluginManager:220 - loadIPPluginJar : add adc
2024-11-26 10:31:46,895 [INFO] IPUIPlugin:80 - create IPUIPlugin
2024-11-26 10:31:46,895 [INFO] PluginManager:220 - loadIPPluginJar : add tracer_emb
2024-11-26 10:31:46,898 [INFO] IPUIPlugin:80 - create IPUIPlugin
2024-11-26 10:31:46,898 [INFO] PluginManager:220 - loadIPPluginJar : add touchsensing
2024-11-26 10:31:46,899 [INFO] IPUIPlugin:80 - create IPUIPlugin
2024-11-26 10:31:46,899 [INFO] PluginManager:220 - loadIPPluginJar : add ltdc
2024-11-26 10:31:46,902 [INFO] IPUIPlugin:80 - create IPUIPlugin
2024-11-26 10:31:46,902 [INFO] PluginManager:220 - loadIPPluginJar : add fmc
2024-11-26 10:31:46,904 [INFO] IPUIPlugin:80 - create IPUIPlugin
2024-11-26 10:31:46,904 [INFO] PluginManager:220 - loadIPPluginJar : add usbx
2024-11-26 10:31:46,905 [INFO] IPUIPlugin:80 - create IPUIPlugin
2024-11-26 10:31:46,905 [INFO] PluginManager:220 - loadIPPluginJar : add tim
2024-11-26 10:31:46,907 [INFO] IPUIPlugin:80 - create IPUIPlugin
2024-11-26 10:31:46,907 [INFO] PluginManager:220 - loadIPPluginJar : add dfsdm
2024-11-26 10:31:46,909 [INFO] IPUIPlugin:80 - create IPUIPlugin
2024-11-26 10:31:46,909 [INFO] PluginManager:220 - loadIPPluginJar : add i3c
2024-11-26 10:31:46,912 [INFO] IPUIPlugin:80 - create IPUIPlugin
2024-11-26 10:31:46,913 [INFO] PluginManager:220 - loadIPPluginJar : add nvic
2024-11-26 10:31:46,916 [INFO] IPUIPlugin:80 - create IPUIPlugin
2024-11-26 10:31:46,916 [INFO] PluginManager:220 - loadIPPluginJar : add gic
2024-11-26 10:31:46,918 [INFO] IPUIPlugin:80 - create IPUIPlugin
2024-11-26 10:31:46,918 [INFO] PluginManager:220 - loadIPPluginJar : add gfxmmu
2024-11-26 10:31:46,920 [INFO] IPUIPlugin:80 - create IPUIPlugin
2024-11-26 10:31:46,920 [INFO] PluginManager:220 - loadIPPluginJar : add ucpd
2024-11-26 10:31:46,925 [INFO] IPUIPlugin:80 - create IPUIPlugin
2024-11-26 10:31:46,927 [INFO] PluginManager:220 - loadIPPluginJar : add plateformsettings
2024-11-26 10:31:46,928 [INFO] IPUIPlugin:80 - create IPUIPlugin
2024-11-26 10:31:46,928 [INFO] PluginManager:220 - loadIPPluginJar : add fatfs
2024-11-26 10:31:46,931 [INFO] IPUIPlugin:80 - create IPUIPlugin
2024-11-26 10:31:46,931 [INFO] PluginManager:220 - loadIPPluginJar : add gpio
2024-11-26 10:31:46,934 [INFO] IPUIPlugin:80 - create IPUIPlugin
2024-11-26 10:31:46,934 [INFO] PluginManager:220 - loadIPPluginJar : add ipddr
2024-11-26 10:31:46,935 [INFO] IPUIPlugin:80 - create IPUIPlugin
2024-11-26 10:31:46,935 [INFO] PluginManager:220 - loadIPPluginJar : add tsc
2024-11-26 10:31:46,936 [INFO] IPUIPlugin:80 - create IPUIPlugin
2024-11-26 10:31:46,936 [INFO] PluginManager:220 - loadIPPluginJar : add lorawan
2024-11-26 10:31:46,938 [INFO] IPUIPlugin:80 - create IPUIPlugin
2024-11-26 10:31:46,938 [INFO] PluginManager:220 - loadIPPluginJar : add sai
2024-11-26 10:31:46,943 [INFO] IPUIPlugin:80 - create IPUIPlugin
2024-11-26 10:31:46,943 [INFO] PluginManager:220 - loadIPPluginJar : add mdma
2024-11-26 10:31:46,945 [INFO] IPUIPlugin:80 - create IPUIPlugin
2024-11-26 10:31:46,946 [INFO] PluginManager:220 - loadIPPluginJar : add dma3
2024-11-26 10:31:46,947 [INFO] IPUIPlugin:80 - create IPUIPlugin
2024-11-26 10:31:46,947 [INFO] PluginManager:220 - loadIPPluginJar : add ts
2024-11-26 10:31:46,948 [INFO] IPUIPlugin:80 - create IPUIPlugin
2024-11-26 10:31:46,948 [INFO] PluginManager:220 - loadIPPluginJar : add can
2024-11-26 10:31:46,950 [INFO] IPUIPlugin:80 - create IPUIPlugin
2024-11-26 10:31:46,950 [INFO] PluginManager:220 - loadIPPluginJar : add spi
2024-11-26 10:31:46,952 [INFO] IPUIPlugin:80 - create IPUIPlugin
2024-11-26 10:31:46,952 [INFO] PluginManager:220 - loadIPPluginJar : add hash
2024-11-26 10:31:46,954 [INFO] IPUIPlugin:80 - create IPUIPlugin
2024-11-26 10:31:46,954 [INFO] PluginManager:220 - loadIPPluginJar : add ddr_ctrl_phy
2024-11-26 10:31:46,956 [INFO] IPUIPlugin:80 - create IPUIPlugin
2024-11-26 10:31:46,956 [INFO] PluginManager:220 - loadIPPluginJar : add openamp
2024-11-26 10:31:46,960 [INFO] IPUIPlugin:80 - create IPUIPlugin
2024-11-26 10:31:46,960 [INFO] PluginManager:220 - loadIPPluginJar : add stm32_wpan
2024-11-26 10:31:46,965 [INFO] IPUIPlugin:80 - create IPUIPlugin
2024-11-26 10:31:46,966 [INFO] PluginManager:220 - loadIPPluginJar : add freertos
2024-11-26 10:31:46,967 [INFO] IPUIPlugin:80 - create IPUIPlugin
2024-11-26 10:31:46,967 [INFO] PluginManager:220 - loadIPPluginJar : add pdm2pcm
2024-11-26 10:31:46,968 [INFO] IPUIPlugin:80 - create IPUIPlugin
2024-11-26 10:31:46,969 [INFO] PluginManager:220 - loadIPPluginJar : add radio
2024-11-26 10:31:46,970 [INFO] IPUIPlugin:80 - create IPUIPlugin
2024-11-26 10:31:46,970 [INFO] PluginManager:220 - loadIPPluginJar : add aes
2024-11-26 10:31:46,972 [INFO] IPUIPlugin:80 - create IPUIPlugin
2024-11-26 10:31:46,972 [INFO] PluginManager:220 - loadIPPluginJar : add extmemmanager
2024-11-26 10:31:46,973 [INFO] IPUIPlugin:80 - create IPUIPlugin
2024-11-26 10:31:46,974 [INFO] PluginManager:220 - loadIPPluginJar : add genericplugin
2024-11-26 10:31:46,979 [INFO] IPUIPlugin:80 - create IPUIPlugin
2024-11-26 10:31:46,980 [INFO] PluginManager:220 - loadIPPluginJar : add linkedlist
2024-11-26 10:31:46,982 [INFO] IPUIPlugin:80 - create IPUIPlugin
2024-11-26 10:31:46,982 [INFO] PluginManager:220 - loadIPPluginJar : add resmgrutility
2024-11-26 10:31:46,984 [INFO] IPUIPlugin:80 - create IPUIPlugin
2024-11-26 10:31:46,984 [INFO] PluginManager:220 - loadIPPluginJar : add gtzc
2024-11-26 10:31:46,985 [INFO] IPUIPlugin:80 - create IPUIPlugin
2024-11-26 10:31:46,985 [INFO] PluginManager:220 - loadIPPluginJar : add comp
2024-11-26 10:31:47,079 [INFO] CADModel:165 - CPN selected for project level
2024-11-26 10:31:47,079 [INFO] CADModel:114 - Register for checkConnection events
2024-11-26 10:31:47,079 [FATAL] Updater:334 - Updater called before beeing initialized
2024-11-26 10:31:47,079 [ERROR] CADModel:125 - Updater not yet initialized, retry later 
2024-11-26 10:31:47,178 [INFO] CADModel:165 - CPN selected for project level
2024-11-26 10:31:47,178 [INFO] CADModel:114 - Register for checkConnection events
2024-11-26 10:31:47,178 [FATAL] Updater:334 - Updater called before beeing initialized
2024-11-26 10:31:47,178 [ERROR] CADModel:125 - Updater not yet initialized, retry later 
2024-11-26 10:31:47,181 [FATAL] Updater:334 - Updater called before beeing initialized
2024-11-26 10:31:47,234 [FATAL] Updater:334 - Updater called before beeing initialized
2024-11-26 10:31:47,237 [INFO] DbMcusAds:53 - JSON generation date=Fri Sep 20 10:04:38 BRT 2024 (1726837478367)
2024-11-26 10:31:47,237 [FATAL] Updater:334 - Updater called before beeing initialized
2024-11-26 10:31:47,264 [WARN] DetailPanel:346 - Failed to get advertising image, set to default
2024-11-26 10:31:47,329 [FATAL] Updater:334 - Updater called before beeing initialized
2024-11-26 10:31:47,330 [FATAL] Updater:334 - Updater called before beeing initialized
2024-11-26 10:31:47,331 [FATAL] Updater:334 - Updater called before beeing initialized
2024-11-26 10:31:47,331 [WARN] DetailPanel:346 - Failed to get advertising image, set to default
2024-11-26 10:31:47,331 [FATAL] Updater:334 - Updater called before beeing initialized
2024-11-26 10:31:47,355 [ERROR] Updater:1164 - MainUpdater not yet initialized. External WinMGr cannot be set.
2024-11-26 10:31:47,356 [INFO] Updater:1100 - Updater Version found : 6.12.1
2024-11-26 10:31:47,370 [INFO] ApplicationProperties:184 - Using Application install path: /opt/st/stm32cubeide_1.16.1/plugins/com.st.stm32cube.common.mx_6.12.1.202409122256
2024-11-26 10:31:49,562 [INFO] ThirdPartyUpdaterWithRetryManager:70 - Updater plugin not ready yet. [2/15]
2024-11-26 10:31:50,557 [INFO] MainUpdater:2873 - connection check result : 10
2024-11-26 10:31:50,557 [INFO] MainUpdater:290 - Updater Check For Update Now.
2024-11-26 10:31:50,557 [INFO] MicroXplorer:498 - Change Database Version : DB.6.0.121
2024-11-26 10:31:50,560 [INFO] McuFinderGlobals:63 - Set McuFinder mode to 2 (CubeIDE integrated)
2024-11-26 10:31:50,561 [INFO] UserAuth:417 - Internet connection configuration mode: 1
2024-11-26 10:31:50,569 [INFO] JxBrowserEngine:152 - Initiate JxBrowser Engine with user profile folder
2024-11-26 10:31:50,720 [INFO] CheckServerUpdateThread:120 - End of CheckServer Thread
2024-11-26 10:31:51,275 [INFO] WebApp:167 - Instantiating new browser for Auth
2024-11-26 10:31:51,882 [INFO] WebApp:448 - Apply proxy settings
2024-11-26 10:31:51,883 [INFO] WebApp:533 - Chromium requires no authentication
2024-11-26 10:31:51,888 [INFO] WebApp:476 - Direct internet connection detected
2024-11-26 10:31:51,901 [INFO] WebApp:869 - Register for checkConnection events
2024-11-26 10:31:51,901 [INFO] WebApp:448 - Apply proxy settings
2024-11-26 10:31:51,901 [INFO] WebApp:533 - Chromium requires no authentication
2024-11-26 10:31:51,901 [INFO] WebApp:476 - Direct internet connection detected
2024-11-26 10:31:51,992 [INFO] WebApp:220 - Starting web application
2024-11-26 10:31:51,992 [INFO] WebApp:578 - Web application path used /opt/st/stm32cubeide_1.16.1/plugins/com.st.stm32cube.common.mx_6.12.1.202409122256/db/plugins/mcufinder/reactClient1/index.html
2024-11-26 10:31:52,263 [INFO] UserAuth:417 - Internet connection configuration mode: 1
2024-11-26 10:31:52,292 [INFO] WebApp:186 - Connection restablished
2024-11-26 10:31:52,686 [WARN] PackLoader:240 - Cannot read IP mode file for STMicroelectronics.FP-SNS-MOTENVWB1.1.4.0
2024-11-26 10:31:52,692 [WARN] PackLoader:240 - Cannot read IP mode file for STMicroelectronics.FP-ATR-ASTRA1.2.0.1
2024-11-26 10:31:52,699 [WARN] PackLoader:240 - Cannot read IP mode file for STMicroelectronics.X-CUBE-SMBUS.2.1.0
2024-11-26 10:31:52,706 [WARN] PackLoader:240 - Cannot read IP mode file for STMicroelectronics.X-CUBE-WB05N.1.1.0
2024-11-26 10:31:52,733 [WARN] PackLoader:240 - Cannot read IP mode file for STMicroelectronics.X-CUBE-AZRTOS-F7.1.1.0
2024-11-26 10:31:52,822 [WARN] PackLoader:240 - Cannot read IP mode file for STMicroelectronics.X-CUBE-MEMS1.11.0.0
2024-11-26 10:31:53,003 [WARN] PackLoader:240 - Cannot read IP mode file for STMicroelectronics.FP-SNS-FLIGHT1.5.0.2
2024-11-26 10:31:53,007 [WARN] PackLoader:240 - Cannot read IP mode file for STMicroelectronics.X-CUBE-DISPLAY.3.0.0
2024-11-26 10:31:53,014 [WARN] PackLoader:240 - Cannot read IP mode file for STMicroelectronics.X-CUBE-BLE1.7.0.0
2024-11-26 10:31:53,018 [WARN] PackLoader:240 - Cannot read IP mode file for STMicroelectronics.X-CUBE-NFC10.1.0.0
2024-11-26 10:31:53,022 [WARN] PackLoader:240 - Cannot read IP mode file for emotas.I-CUBE-CANOPEN.1.3.0
2024-11-26 10:31:53,028 [WARN] PackLoader:240 - Cannot read IP mode file for STMicroelectronics.X-CUBE-BLEMGR.3.1.0
2024-11-26 10:31:53,032 [WARN] PackLoader:240 - Cannot read IP mode file for STMicroelectronics.FP-SNS-SMARTAG2.1.2.0
2024-11-26 10:31:53,040 [INFO] LogOutputStream:77 - [STDOUT_REDIRECT] 1 : Invalid condition id : UX_CORESTACK_Condition cause : null
2024-11-26 10:31:53,041 [INFO] LogOutputStream:77 - [STDOUT_REDIRECT] 1 : Invalid condition id : UX_CORESTACK_Condition cause : null
2024-11-26 10:31:53,041 [INFO] LogOutputStream:77 - [STDOUT_REDIRECT] 1 : Invalid condition id : UX_CORESTACK_Condition cause : null
2024-11-26 10:31:53,041 [INFO] LogOutputStream:77 - [STDOUT_REDIRECT] 1 : Invalid condition id : UX_CORESTACK_Condition cause : null
2024-11-26 10:31:53,041 [INFO] LogOutputStream:77 - [STDOUT_REDIRECT] 1 : Invalid condition id : UX_CORESTACK_Condition cause : null
2024-11-26 10:31:53,044 [WARN] PackLoader:240 - Cannot read IP mode file for STMicroelectronics.X-CUBE-AZRTOS-WL.2.0.0
2024-11-26 10:31:53,048 [WARN] PackLoader:240 - Cannot read IP mode file for STMicroelectronics.FP-SNS-MOTENV1.5.0.0
2024-11-26 10:31:53,051 [WARN] PackLoader:240 - Cannot read IP mode file for wolfSSL.I-CUBE-wolfMQTT.1.19.0
2024-11-26 10:31:53,055 [WARN] PackLoader:240 - Cannot read IP mode file for WES.I-CUBE-Cesium.1.3.0
2024-11-26 10:31:53,058 [WARN] PackLoader:240 - Cannot read IP mode file for STMicroelectronics.X-CUBE-BLE2.3.3.0
2024-11-26 10:31:53,062 [WARN] PackLoader:240 - Cannot read IP mode file for STMicroelectronics.X-CUBE-NFC9.1.0.0
2024-11-26 10:31:53,067 [WARN] PackLoader:240 - Cannot read IP mode file for STMicroelectronics.X-CUBE-TCPP.4.1.0
2024-11-26 10:31:53,082 [WARN] PackLoader:240 - Cannot read IP mode file for STMicroelectronics.X-CUBE-AZRTOS-G0.1.1.0
2024-11-26 10:31:53,089 [WARN] PackLoader:240 - Cannot read IP mode file for STMicroelectronics.X-CUBE-SAFEA1.1.2.2
2024-11-26 10:31:53,094 [WARN] PackLoader:240 - Cannot read IP mode file for STMicroelectronics.X-CUBE-NFC4.3.0.0
2024-11-26 10:31:53,101 [WARN] PackLoader:240 - Cannot read IP mode file for EmbeddedOffice.I-CUBE-FS-RTOS.1.0.1
2024-11-26 10:31:53,101 [ERROR] ConditionMgr:805 - Attr not supported : Dmpu
2024-11-26 10:31:53,101 [ERROR] ConditionMgr:805 - Attr not supported : Dmpu
2024-11-26 10:31:53,101 [ERROR] ConditionMgr:805 - Attr not supported : Dmpu
2024-11-26 10:31:53,101 [ERROR] ConditionMgr:805 - Attr not supported : Dmpu
2024-11-26 10:31:53,101 [ERROR] ConditionMgr:805 - Attr not supported : Dmpu
2024-11-26 10:31:53,101 [ERROR] ConditionMgr:805 - Attr not supported : Dmpu
2024-11-26 10:31:53,101 [ERROR] ConditionMgr:805 - Attr not supported : Dmpu
2024-11-26 10:31:53,101 [ERROR] ConditionMgr:805 - Attr not supported : Dmpu
2024-11-26 10:31:53,101 [ERROR] ConditionMgr:805 - Attr not supported : Dmpu
2024-11-26 10:31:53,101 [ERROR] ConditionMgr:805 - Attr not supported : Dmpu
2024-11-26 10:31:53,102 [ERROR] ConditionMgr:805 - Attr not supported : Dmpu
2024-11-26 10:31:53,102 [ERROR] ConditionMgr:805 - Attr not supported : Dmpu
2024-11-26 10:31:53,102 [ERROR] ConditionMgr:805 - Attr not supported : Dmpu
2024-11-26 10:31:53,102 [ERROR] ConditionMgr:805 - Attr not supported : Dmpu
2024-11-26 10:31:53,102 [ERROR] ConditionMgr:805 - Attr not supported : Dmpu
2024-11-26 10:31:53,102 [ERROR] ConditionMgr:805 - Attr not supported : Dmpu
2024-11-26 10:31:53,102 [ERROR] ConditionMgr:805 - Attr not supported : Dmpu
2024-11-26 10:31:53,102 [ERROR] ConditionMgr:805 - Attr not supported : Dmpu
2024-11-26 10:31:53,102 [ERROR] ConditionMgr:805 - Attr not supported : Dmpu
2024-11-26 10:31:53,102 [ERROR] ConditionMgr:805 - Attr not supported : Dmpu
2024-11-26 10:31:53,102 [ERROR] ConditionMgr:805 - Attr not supported : Dmpu
2024-11-26 10:31:53,102 [ERROR] ConditionMgr:805 - Attr not supported : Dmpu
2024-11-26 10:31:53,102 [ERROR] ConditionMgr:805 - Attr not supported : Dmpu
2024-11-26 10:31:53,102 [ERROR] ConditionMgr:805 - Attr not supported : Dmpu
2024-11-26 10:31:53,103 [ERROR] ConditionMgr:805 - Attr not supported : Dmpu
2024-11-26 10:31:53,103 [ERROR] ConditionMgr:805 - Attr not supported : Dmpu
2024-11-26 10:31:53,103 [ERROR] ConditionMgr:805 - Attr not supported : Dmpu
2024-11-26 10:31:53,103 [ERROR] ConditionMgr:805 - Attr not supported : Dmpu
2024-11-26 10:31:53,103 [ERROR] ConditionMgr:805 - Attr not supported : Dmpu
2024-11-26 10:31:53,103 [ERROR] ConditionMgr:805 - Attr not supported : Dmpu
2024-11-26 10:31:53,103 [ERROR] ConditionMgr:805 - Attr not supported : Dmpu
2024-11-26 10:31:53,103 [ERROR] ConditionMgr:805 - Attr not supported : Dmpu
2024-11-26 10:31:53,103 [ERROR] ConditionMgr:805 - Attr not supported : Dmpu
2024-11-26 10:31:53,103 [ERROR] ConditionMgr:805 - Attr not supported : Dmpu
2024-11-26 10:31:53,103 [ERROR] ConditionMgr:805 - Attr not supported : Dmpu
2024-11-26 10:31:53,103 [ERROR] ConditionMgr:805 - Attr not supported : Dmpu
2024-11-26 10:31:53,103 [ERROR] ConditionMgr:805 - Attr not supported : Dmpu
2024-11-26 10:31:53,103 [ERROR] ConditionMgr:805 - Attr not supported : Dmpu
2024-11-26 10:31:53,103 [ERROR] ConditionMgr:805 - Attr not supported : Dmpu
2024-11-26 10:31:53,103 [ERROR] ConditionMgr:805 - Attr not supported : Dmpu
2024-11-26 10:31:53,103 [ERROR] ConditionMgr:805 - Attr not supported : Dmpu
2024-11-26 10:31:53,104 [ERROR] ConditionMgr:805 - Attr not supported : Dmpu
2024-11-26 10:31:53,104 [ERROR] ConditionMgr:805 - Attr not supported : Dmpu
2024-11-26 10:31:53,104 [ERROR] ConditionMgr:805 - Attr not supported : Dmpu
2024-11-26 10:31:53,104 [ERROR] ConditionMgr:805 - Attr not supported : Dmpu
2024-11-26 10:31:53,104 [ERROR] ConditionMgr:805 - Attr not supported : Dmpu
2024-11-26 10:31:53,104 [ERROR] ConditionMgr:805 - Attr not supported : Dmpu
2024-11-26 10:31:53,104 [ERROR] ConditionMgr:805 - Attr not supported : Dmpu
2024-11-26 10:31:53,104 [ERROR] ConditionMgr:805 - Attr not supported : Dmpu
2024-11-26 10:31:53,104 [ERROR] ConditionMgr:805 - Attr not supported : Dmpu
2024-11-26 10:31:53,104 [ERROR] ConditionMgr:805 - Attr not supported : Dmpu
2024-11-26 10:31:53,104 [ERROR] ConditionMgr:805 - Attr not supported : Dmpu
2024-11-26 10:31:53,104 [ERROR] ConditionMgr:805 - Attr not supported : Dmpu
2024-11-26 10:31:53,104 [ERROR] ConditionMgr:805 - Attr not supported : Dmpu
2024-11-26 10:31:53,104 [ERROR] ConditionMgr:805 - Attr not supported : Dmpu
2024-11-26 10:31:53,104 [ERROR] ConditionMgr:805 - Attr not supported : Dmpu
2024-11-26 10:31:53,104 [ERROR] ConditionMgr:805 - Attr not supported : Dmpu
2024-11-26 10:31:53,105 [ERROR] ConditionMgr:805 - Attr not supported : Dmpu
2024-11-26 10:31:53,105 [ERROR] ConditionMgr:805 - Attr not supported : Dmpu
2024-11-26 10:31:53,105 [ERROR] ConditionMgr:805 - Attr not supported : Dmpu
2024-11-26 10:31:53,105 [ERROR] ConditionMgr:805 - Attr not supported : Dmpu
2024-11-26 10:31:53,105 [ERROR] ConditionMgr:805 - Attr not supported : Dmpu
2024-11-26 10:31:53,105 [ERROR] ConditionMgr:805 - Attr not supported : Dmpu
2024-11-26 10:31:53,105 [ERROR] ConditionMgr:805 - Attr not supported : Dmpu
2024-11-26 10:31:53,107 [WARN] PackLoader:240 - Cannot read IP mode file for RealThread.X-CUBE-RT-Thread_Nano.4.1.1
2024-11-26 10:31:53,110 [WARN] PackLoader:240 - Cannot read IP mode file for STMicroelectronics.FP-ATR-SIGFOX1.3.2.0
2024-11-26 10:31:53,112 [WARN] ConditionMgr:438 - getConditionDescription Invalid condition id : Cortex-A Device cause : null
2024-11-26 10:31:53,119 [WARN] ConditionMgr:1039 - genDependencies : Invalid condition id : Cortex-A Device cause : null
2024-11-26 10:31:53,119 [WARN] ConditionMgr:1039 - genDependencies : Invalid condition id : Cortex-A Device cause : null
2024-11-26 10:31:53,119 [WARN] ConditionMgr:1039 - genDependencies : Invalid condition id : Cortex-A Device cause : null
2024-11-26 10:31:53,123 [WARN] PackLoader:240 - Cannot read IP mode file for STMicroelectronics.X-CUBE-EEPRMA1.5.1.0
2024-11-26 10:31:53,181 [WARN] PackLoader:240 - Cannot read IP mode file for wolfSSL.I-CUBE-wolfSSL.5.7.4
2024-11-26 10:31:53,185 [WARN] PackLoader:240 - Cannot read IP mode file for ITTIA_DB.I-CUBE-ITTIADB.8.9.0
2024-11-26 10:31:53,212 [WARN] PackLoader:240 - Cannot read IP mode file for SEGGER.I-CUBE-embOS.1.3.1
2024-11-26 10:31:53,247 [WARN] PackLoader:240 - Cannot read IP mode file for STMicroelectronics.X-CUBE-ALGOBUILD.1.4.0
2024-11-26 10:31:53,249 [WARN] PackLoader:240 - Cannot read IP mode file for STMicroelectronics.X-CUBE-AI.9.1.0
2024-11-26 10:31:53,264 [WARN] PackLoader:240 - Cannot read IP mode file for STMicroelectronics.X-CUBE-AZRTOS-F4.1.1.0
2024-11-26 10:31:53,268 [WARN] PackLoader:240 - Cannot read IP mode file for STMicroelectronics.X-CUBE-ISPU.2.1.0
2024-11-26 10:31:53,272 [WARN] PackLoader:240 - Cannot read IP mode file for STMicroelectronics.X-CUBE-FREERTOS.1.2.0
2024-11-26 10:31:53,286 [WARN] PackLoader:240 - Cannot read IP mode file for STMicroelectronics.X-CUBE-AZRTOS-L5.2.0.0
2024-11-26 10:31:53,292 [WARN] PackLoader:240 - Cannot read IP mode file for STMicroelectronics.X-CUBE-NFC6.3.1.0
2024-11-26 10:31:53,297 [WARN] PackLoader:240 - Cannot read IP mode file for STMicroelectronics.X-CUBE-DPower.1.2.0
2024-11-26 10:31:53,302 [WARN] PackLoader:240 - Cannot read IP mode file for STMicroelectronics.X-CUBE-NFC7.1.0.1
2024-11-26 10:31:53,317 [WARN] ConditionMgr:438 - getConditionDescription Invalid condition id : LAN8742 Phy interface Condition cause : null
2024-11-26 10:31:53,317 [WARN] PackLoader:240 - Cannot read IP mode file for STMicroelectronics.X-CUBE-AZRTOS-L4.2.0.0
2024-11-26 10:31:53,318 [WARN] ConditionMgr:1039 - genDependencies : Invalid condition id : LAN8742 Phy interface Condition cause : null
2024-11-26 10:31:53,319 [WARN] ConditionMgr:1039 - genDependencies : Invalid condition id : LAN8742 Phy interface Condition cause : null
2024-11-26 10:31:53,319 [WARN] ConditionMgr:1039 - genDependencies : Invalid condition id : LAN8742 Phy interface Condition cause : null
2024-11-26 10:31:53,324 [WARN] PackLoader:240 - Cannot read IP mode file for STMicroelectronics.X-CUBE-SFXS2LP1.4.0.0
2024-11-26 10:31:53,341 [WARN] PackLoader:240 - Cannot read IP mode file for STMicroelectronics.X-CUBE-AZRTOS-H7.3.3.0
2024-11-26 10:31:53,351 [WARN] PackLoader:240 - Cannot read IP mode file for STMicroelectronics.X-CUBE-IPS.3.0.0
2024-11-26 10:31:53,363 [WARN] ConditionMgr:438 - getConditionDescription Invalid condition id : UX DEVICE CLASS RTOS Condition cause : null
2024-11-26 10:31:53,364 [WARN] ConditionMgr:438 - getConditionDescription Invalid condition id : UX DEVICE CLASS RTOS Condition cause : null
2024-11-26 10:31:53,365 [WARN] PackLoader:240 - Cannot read IP mode file for STMicroelectronics.X-CUBE-AZRTOS-WB.2.0.0
2024-11-26 10:31:53,366 [WARN] ConditionMgr:1039 - genDependencies : Invalid condition id : UX DEVICE CLASS RTOS Condition cause : null
2024-11-26 10:31:53,366 [WARN] ConditionMgr:1039 - genDependencies : Invalid condition id : UX DEVICE CLASS RTOS Condition cause : null
2024-11-26 10:31:53,366 [WARN] ConditionMgr:1039 - genDependencies : Invalid condition id : UX DEVICE CLASS RTOS Condition cause : null
2024-11-26 10:31:53,367 [WARN] ConditionMgr:1039 - genDependencies : Invalid condition id : UX DEVICE CLASS RTOS Condition cause : null
2024-11-26 10:31:53,367 [WARN] ConditionMgr:1039 - genDependencies : Invalid condition id : UX DEVICE CLASS RTOS Condition cause : null
2024-11-26 10:31:53,371 [WARN] PackLoader:240 - Cannot read IP mode file for STMicroelectronics.X-CUBE-GNSS1.7.0.0
2024-11-26 10:31:53,377 [WARN] PackLoader:240 - Cannot read IP mode file for STMicroelectronics.FP-SNS-STBOX1.2.0.0
2024-11-26 10:31:53,386 [WARN] PackLoader:240 - Cannot read IP mode file for STMicroelectronics.X-CUBE-SUBG2.5.0.0
2024-11-26 10:31:53,391 [WARN] PackLoader:240 - Cannot read IP mode file for Cesanta.I-CUBE-Mongoose.7.13.0
2024-11-26 10:31:53,409 [WARN] PackLoader:240 - Cannot read IP mode file for STMicroelectronics.X-CUBE-AZRTOS-G4.2.0.0
2024-11-26 10:31:53,413 [WARN] PackLoader:240 - Cannot read IP mode file for STMicroelectronics.X-CUBE-ALS.1.0.2
2024-11-26 10:31:53,416 [WARN] PackLoader:240 - Cannot read IP mode file for STMicroelectronics.X-CUBE-TOUCHGFX.4.24.1
2024-11-26 10:31:53,417 [WARN] PackLoader:240 - Cannot read IP mode file for wolfSSL.I-CUBE-wolfTPM.3.4.0
2024-11-26 10:31:53,420 [WARN] PackLoader:240 - Cannot read IP mode file for portGmbH.I-Cube-SoM-uGOAL.1.1.0
2024-11-26 10:31:53,432 [WARN] PackLoader:240 - Cannot read IP mode file for STMicroelectronics.X-CUBE-AZRTOS-H7RS.1.0.0
2024-11-26 10:31:53,436 [WARN] PackLoader:240 - Cannot read IP mode file for STMicroelectronics.FP-ATR-ASTRA1.2.0.0
2024-11-26 10:31:53,443 [WARN] PackLoader:240 - Cannot read IP mode file for STMicroelectronics.X-CUBE-TOF1.3.4.2
2024-11-26 10:31:53,465 [WARN] PackLoader:240 - Cannot read IP mode file for Infineon.AIROC-Wi-Fi-Bluetooth-STM32.1.6.1
2024-11-26 10:31:53,470 [WARN] PackLoader:240 - Cannot read IP mode file for wolfSSL.I-CUBE-wolfSSH.1.4.17
2024-11-26 10:31:53,470 [INFO] ThirdParty:978 - Integrity check success = true
2024-11-26 10:31:53,470 [INFO] IntegrityCheckThread:100 - exiting critical section [integrity check]
2024-11-26 10:31:53,470 [INFO] IntegrityCheckThread:103 - End integrity checks thread
2024-11-26 16:07:00,395 [INFO] WebApp:189 - Connection lost
2024-11-26 16:07:00,707 [INFO] WebApp:186 - Connection restablished
2024-11-26 16:07:28,396 [INFO] WebApp:189 - Connection lost
2024-11-26 16:07:28,594 [INFO] WebApp:186 - Connection restablished
